# JRE version: OpenJDK Runtime Environment (13.0.1+9) (build 13.0.1+9)
# Java VM: OpenJDK 64-Bit Server VM (13.0.1+9, mixed mode, tiered, compressed oops, g1 gc, linux-amd64)
Heap:
 garbage-first heap   total 280576K, used 88241K [0x000000060b400000, 0x0000000800000000)
  region size 2048K, 39 young (79872K), 2 survivors (4096K)
 Metaspace       used 23104K, capacity 23574K, committed 24064K, reserved 1071104K
  class space    used 2290K, capacity 2457K, committed 2560K, reserved 1048576K
GC Heap History (10 events):
Event: 0.280 GC heap before
{Heap before GC invocations=0 (full 0):
 garbage-first heap   total 514048K, used 24576K [0x000000060b400000, 0x0000000800000000)
  region size 2048K, 12 young (24576K), 0 survivors (0K)
 Metaspace       used 12628K, capacity 12832K, committed 13184K, reserved 1060864K
  class space    used 1248K, capacity 1341K, committed 1408K, reserved 1048576K
}
Event: 0.282 GC heap after
{Heap after GC invocations=1 (full 0):
 garbage-first heap   total 514048K, used 3453K [0x000000060b400000, 0x0000000800000000)
  region size 2048K, 2 young (4096K), 2 survivors (4096K)
 Metaspace       used 12628K, capacity 12832K, committed 13184K, reserved 1060864K
  class space    used 1248K, capacity 1341K, committed 1408K, reserved 1048576K
}
Event: 0.738 GC heap before
{Heap before GC invocations=1 (full 0):
 garbage-first heap   total 514048K, used 68989K [0x000000060b400000, 0x0000000800000000)
  region size 2048K, 35 young (71680K), 2 survivors (4096K)
 Metaspace       used 20714K, capacity 20973K, committed 21248K, reserved 1069056K
  class space    used 2148K, capacity 2268K, committed 2304K, reserved 1048576K
}
Event: 0.749 GC heap after
{Heap after GC invocations=2 (full 0):
 garbage-first heap   total 514048K, used 8192K [0x000000060b400000, 0x0000000800000000)
  region size 2048K, 4 young (8192K), 4 survivors (8192K)
 Metaspace       used 20714K, capacity 20973K, committed 21248K, reserved 1069056K
  class space    used 2148K, capacity 2268K, committed 2304K, reserved 1048576K
}
Event: 0.863 GC heap before
{Heap before GC invocations=3 (full 0):
 garbage-first heap   total 34816K, used 34816K [0x000000060b400000, 0x0000000800000000)
  region size 2048K, 17 young (34816K), 4 survivors (8192K)
 Metaspace       used 21169K, capacity 21529K, committed 21760K, reserved 1069056K
  class space    used 2177K, capacity 2304K, committed 2304K, reserved 1048576K
}
Event: 0.867 GC heap after
{Heap after GC invocations=4 (full 0):
 garbage-first heap   total 47104K, used 10206K [0x000000060b400000, 0x0000000800000000)
  region size 2048K, 4 young (8192K), 4 survivors (8192K)
 Metaspace       used 21169K, capacity 21529K, committed 21760K, reserved 1069056K
  class space    used 2177K, capacity 2304K, committed 2304K, reserved 1048576K
}
Event: 0.925 GC heap before
{Heap before GC invocations=4 (full 0):
 garbage-first heap   total 47104K, used 28638K [0x000000060b400000, 0x0000000800000000)
  region size 2048K, 13 young (26624K), 4 survivors (8192K)
 Metaspace       used 21393K, capacity 21735K, committed 22144K, reserved 1069056K
  class space    used 2181K, capacity 2308K, committed 2432K, reserved 1048576K
}
Event: 0.929 GC heap after
{Heap after GC invocations=5 (full 0):
 garbage-first heap   total 47104K, used 10634K [0x000000060b400000, 0x0000000800000000)
  region size 2048K, 2 young (4096K), 2 survivors (4096K)
 Metaspace       used 21393K, capacity 21735K, committed 22144K, reserved 1069056K
  class space    used 2181K, capacity 2308K, committed 2432K, reserved 1048576K
}
Event: 0.978 GC heap before
{Heap before GC invocations=5 (full 0):
 garbage-first heap   total 47104K, used 29066K [0x000000060b400000, 0x0000000800000000)
  region size 2048K, 12 young (24576K), 2 survivors (4096K)
 Metaspace       used 21576K, capacity 21931K, committed 22400K, reserved 1069056K
  class space    used 2182K, capacity 2309K, committed 2432K, reserved 1048576K
}
Event: 0.980 GC heap after
{Heap after GC invocations=6 (full 0):
 garbage-first heap   total 280576K, used 10417K [0x000000060b400000, 0x0000000800000000)
  region size 2048K, 2 young (4096K), 2 survivors (4096K)
 Metaspace       used 21576K, capacity 21931K, committed 22400K, reserved 1069056K
  class space    used 2182K, capacity 2309K, committed 2432K, reserved 1048576K
}

