# JRE version: OpenJDK Runtime Environment (13.0.1+9) (build 13.0.1+9)
# Java VM: OpenJDK 64-Bit Server VM (13.0.1+9, mixed mode, tiered, compressed oops, g1 gc, linux-amd64)
Heap:
 garbage-first heap   total 284672K, used 75026K [0x000000060b400000, 0x0000000800000000)
  region size 2048K, 32 young (65536K), 1 survivors (2048K)
 Metaspace       used 23101K, capacity 23574K, committed 24064K, reserved 1071104K
  class space    used 2290K, capacity 2457K, committed 2560K, reserved 1048576K
GC Heap History (10 events):
Event: 0.283 GC heap before
{Heap before GC invocations=0 (full 0):
 garbage-first heap   total 514048K, used 24576K [0x000000060b400000, 0x0000000800000000)
  region size 2048K, 12 young (24576K), 0 survivors (0K)
 Metaspace       used 12634K, capacity 12832K, committed 13184K, reserved 1060864K
  class space    used 1249K, capacity 1341K, committed 1408K, reserved 1048576K
}
Event: 0.285 GC heap after
{Heap after GC invocations=1 (full 0):
 garbage-first heap   total 514048K, used 3457K [0x000000060b400000, 0x0000000800000000)
  region size 2048K, 2 young (4096K), 2 survivors (4096K)
 Metaspace       used 12634K, capacity 12832K, committed 13184K, reserved 1060864K
  class space    used 1249K, capacity 1341K, committed 1408K, reserved 1048576K
}
Event: 0.763 GC heap before
{Heap before GC invocations=1 (full 0):
 garbage-first heap   total 514048K, used 66945K [0x000000060b400000, 0x0000000800000000)
  region size 2048K, 34 young (69632K), 2 survivors (4096K)
 Metaspace       used 20714K, capacity 20973K, committed 21248K, reserved 1069056K
  class space    used 2148K, capacity 2268K, committed 2304K, reserved 1048576K
}
Event: 0.773 GC heap after
{Heap after GC invocations=2 (full 0):
 garbage-first heap   total 514048K, used 8227K [0x000000060b400000, 0x0000000800000000)
  region size 2048K, 5 young (10240K), 5 survivors (10240K)
 Metaspace       used 20714K, capacity 20973K, committed 21248K, reserved 1069056K
  class space    used 2148K, capacity 2268K, committed 2304K, reserved 1048576K
}
Event: 0.891 GC heap before
{Heap before GC invocations=3 (full 0):
 garbage-first heap   total 40960K, used 38947K [0x000000060b400000, 0x0000000800000000)
  region size 2048K, 20 young (40960K), 5 survivors (10240K)
 Metaspace       used 21195K, capacity 21533K, committed 21888K, reserved 1069056K
  class space    used 2177K, capacity 2305K, committed 2432K, reserved 1048576K
}
Event: 0.895 GC heap after
{Heap after GC invocations=4 (full 0):
 garbage-first heap   total 53248K, used 10329K [0x000000060b400000, 0x0000000800000000)
  region size 2048K, 4 young (8192K), 4 survivors (8192K)
 Metaspace       used 21195K, capacity 21533K, committed 21888K, reserved 1069056K
  class space    used 2177K, capacity 2305K, committed 2432K, reserved 1048576K
}
Event: 0.965 GC heap before
{Heap before GC invocations=4 (full 0):
 garbage-first heap   total 53248K, used 32857K [0x000000060b400000, 0x0000000800000000)
  region size 2048K, 15 young (30720K), 4 survivors (8192K)
 Metaspace       used 21478K, capacity 21799K, committed 22144K, reserved 1069056K
  class space    used 2181K, capacity 2308K, committed 2432K, reserved 1048576K
}
Event: 0.968 GC heap after
{Heap after GC invocations=5 (full 0):
 garbage-first heap   total 53248K, used 11136K [0x000000060b400000, 0x0000000800000000)
  region size 2048K, 2 young (4096K), 2 survivors (4096K)
 Metaspace       used 21478K, capacity 21799K, committed 22144K, reserved 1069056K
  class space    used 2181K, capacity 2308K, committed 2432K, reserved 1048576K
}
Event: 1.027 GC heap before
{Heap before GC invocations=5 (full 0):
 garbage-first heap   total 53248K, used 37760K [0x000000060b400000, 0x0000000800000000)
  region size 2048K, 15 young (30720K), 2 survivors (4096K)
 Metaspace       used 21656K, capacity 21999K, committed 22400K, reserved 1069056K
  class space    used 2182K, capacity 2310K, committed 2432K, reserved 1048576K
}
Event: 1.029 GC heap after
{Heap after GC invocations=6 (full 0):
 garbage-first heap   total 284672K, used 11538K [0x000000060b400000, 0x0000000800000000)
  region size 2048K, 1 young (2048K), 1 survivors (2048K)
 Metaspace       used 21656K, capacity 21999K, committed 22400K, reserved 1069056K
  class space    used 2182K, capacity 2310K, committed 2432K, reserved 1048576K
}

